System.Reflection.TargetInvocationException: Exception has been thrown by the target of an invocation. ---> System.Net.HttpListenerException: 拒绝访问。
   at System.Net.HttpListener.AddAllPrefixes()
   at System.Net.HttpListener.Start()
   at Microsoft.Owin.Host.HttpListener.OwinHttpListener.Start(HttpListener listener, Func`2 appFunc, IList`1 addresses, IDictionary`2 capabilities, Func`2 loggerFactory)
   at Microsoft.Owin.Host.HttpListener.OwinServerFactory.Create(Func`2 app, IDictionary`2 properties)
   --- End of inner exception stack trace ---
   at System.RuntimeMethodHandle.InvokeMethod(Object target, Object[] arguments, Signature sig, Boolean constructor)
   at System.Reflection.RuntimeMethodInfo.UnsafeInvokeInternal(Object obj, Object[] parameters, Object[] arguments)
   at System.Reflection.RuntimeMethodInfo.Invoke(Object obj, BindingFlags invokeAttr, Binder binder, Object[] parameters, CultureInfo culture)
   at Microsoft.Owin.Hosting.ServerFactory.ServerFactoryAdapter.Create(IAppBuilder builder)
   at Microsoft.Owin.Hosting.Engine.HostingEngine.StartServer(StartContext context)
   at Microsoft.Owin.Hosting.Engine.HostingEngine.Start(StartContext context)
   at Microsoft.Owin.Hosting.Starter.DirectHostingStarter.Start(StartOptions options)
   at Microsoft.Owin.Hosting.Starter.HostingStarter.Start(StartOptions options)
   at Microsoft.Owin.Hosting.WebApp.StartImplementation(IServiceProvider services, StartOptions options)
   at Microsoft.Owin.Hosting.WebApp.Start(StartOptions options)
   at Microsoft.Owin.Hosting.WebApp.Start[TStartup](StartOptions options)
   at Microsoft.Owin.Hosting.WebApp.Start[TStartup](String url)
   at GFund.Core.CommService.Controller.ServiceManager.Start() in D:\App\GFund.Core.CommService\trunk\GFund.Core.CommService.Controller\ServiceManager.cs:line 21
   at GFund.Core.CommService.Controller.Program.Main(String[] args) in D:\App\GFund.Core.CommService\trunk\GFund.Core.CommService.Controller\Program.cs:line 15